<?xml version="1.0" encoding="UTF-8"?>
<!-- Generated by org.testng.reporters.JUnitXMLReporter -->
<testsuite hostname="Ajay-Dadhich" name="Test" tests="1" failures="1" timestamp="25 Dec 2020 11:50:27 GMT" time="18.115" errors="0">
  <testcase name="verifyExtent" time="0.009" classname="com.assignment1.ExtntReports">
    <failure type="java.lang.NullPointerException">
      <![CDATA[java.lang.NullPointerException
	at com.assignment1.ExtntReports.verifyExtent(ExtntReports.java:30)
... Removed 24 stack frames]]>
    </failure>
  </testcase> <!-- verifyExtent -->
</testsuite> <!-- Test -->
