<?xml version="1.0" encoding="UTF-8"?>
<!-- Generated by org.testng.reporters.JUnitXMLReporter -->
<testsuite hostname="Ajay-Dadhich" name="Command line test" tests="6" failures="0" timestamp="22 Dec 2020 15:46:51 GMT" time="0.071" errors="0">
  <testcase name="@BeforeMethod launch" time="0.0" classname="com.assignment1.NewTest">
    <failure type="java.lang.NullPointerException">
      <![CDATA[java.lang.NullPointerException
	at com.assignment1.NewTest.launch(NewTest.java:30)
	at org.apache.maven.surefire.testng.TestNGExecutor.run(TestNGExecutor.java:77)
	at org.apache.maven.surefire.testng.TestNGDirectoryTestSuite.executeMulti(TestNGDirectoryTestSuite.java:159)
	at org.apache.maven.surefire.testng.TestNGDirectoryTestSuite.execute(TestNGDirectoryTestSuite.java:99)
	at org.apache.maven.surefire.testng.TestNGProvider.invoke(TestNGProvider.java:106)
	at org.apache.maven.surefire.util.ReflectionUtils.invokeMethodWithArray(ReflectionUtils.java:189)
	at org.apache.maven.surefire.booter.ProviderFactory$ProviderProxy.invoke(ProviderFactory.java:165)
	at org.apache.maven.surefire.booter.ProviderFactory.invokeProvider(ProviderFactory.java:85)
	at org.apache.maven.surefire.booter.ForkedBooter.runSuitesInProcess(ForkedBooter.java:115)
	at org.apache.maven.surefire.booter.ForkedBooter.main(ForkedBooter.java:75)
... Removed 27 stack frames]]>
    </failure>
  </testcase> <!-- @BeforeMethod launch -->
  <testcase name="@BeforeMethod launch" time="0.0" classname="com.assignment1.NewTest">
    <skipped/>
  </testcase> <!-- @BeforeMethod launch -->
  <testcase name="@AfterTest close" time="0.0" classname="com.assignment1.NewTest">
    <skipped/>
  </testcase> <!-- @AfterTest close -->
  <testcase name="case1" time="0.002" classname="com.assignment1.SmokeTest"/>
  <testcase name="case2" time="0.0" classname="com.assignment1.SmokeTest"/>
  <testcase name="case3" time="0.0" classname="com.assignment1.SmokeTest"/>
  <testcase name="case4" time="0.0" classname="com.assignment1.SmokeTest"/>
  <testcase name="verifyTitleText" time="0.001" classname="com.assignment1.NewTest">
    <skipped/>
  </testcase> <!-- verifyTitleText -->
  <testcase name="verifyLogo" time="0.0" classname="com.assignment1.NewTest">
    <skipped/>
  </testcase> <!-- verifyLogo -->
</testsuite> <!-- Command line test -->
