<?xml version="1.0" encoding="UTF-8"?>
<testng-results skipped="0" failed="0" total="1" passed="1">
  <reporter-output>
  </reporter-output>
  <suite name="Suite" duration-ms="1011" started-at="2020-12-27T06:00:37Z" finished-at="2020-12-27T06:00:38Z">
    <groups>
    </groups>
    <test name="Test" duration-ms="1011" started-at="2020-12-27T06:00:37Z" finished-at="2020-12-27T06:00:38Z">
      <class name="com.assignment1.ExcelRead">
        <test-method status="PASS" signature="readdata()[pri:0, instance:com.assignment1.ExcelRead@35f983a6]" name="readdata" duration-ms="995" started-at="2020-12-27T11:30:37Z" finished-at="2020-12-27T11:30:38Z">
          <reporter-output>
          </reporter-output>
        </test-method> <!-- readdata -->
      </class> <!-- com.assignment1.ExcelRead -->
    </test> <!-- Test -->
  </suite> <!-- Suite -->
</testng-results>
