<?xml version="1.0" encoding="UTF-8"?>
<testng-results skipped="0" failed="0" total="1" passed="1">
  <reporter-output>
  </reporter-output>
  <suite name="Default suite" duration-ms="1179" started-at="2020-12-28T15:21:12Z" finished-at="2020-12-28T15:21:13Z">
    <groups>
    </groups>
    <test name="Default test" duration-ms="1179" started-at="2020-12-28T15:21:12Z" finished-at="2020-12-28T15:21:13Z">
      <class name="com.assignment1.ExcelRead">
        <test-method status="PASS" signature="printdata()[pri:0, instance:com.assignment1.ExcelRead@58651fd0]" name="printdata" duration-ms="1158" started-at="2020-12-28T20:51:12Z" finished-at="2020-12-28T20:51:13Z">
          <reporter-output>
          </reporter-output>
        </test-method> <!-- printdata -->
      </class> <!-- com.assignment1.ExcelRead -->
    </test> <!-- Default test -->
  </suite> <!-- Default suite -->
</testng-results>
